[2026-04-28 12:44:01] [INFO] Demarrage du script. Dossier source='E:\Programs\HWInfo', sortie=''
[2026-04-28 12:44:02] [WARN] [DESKTOP-AC94JEQ.CSV] Champ introuvable : 'ModeleOrdinateur'
[2026-04-28 12:44:02] [WARN] [DESKTOP-AC94JEQ.CSV] Champ introuvable : 'TypeDisque'
[2026-04-28 12:44:02] [WARN] [DESKTOP-AC94JEQ.CSV] Champ introuvable : 'TauxUsure'
[2026-04-28 12:44:03] [WARN] [DESKTOP-C2HV1G4.CSV] Champ introuvable : 'ModeleOrdinateur'
[2026-04-28 12:44:03] [WARN] [DESKTOP-C2HV1G4.CSV] Champ introuvable : 'TypeDisque'
[2026-04-28 12:44:03] [WARN] [DESKTOP-FOCR6Q3.CSV] Champ introuvable : 'ModeleOrdinateur'
[2026-04-28 12:44:03] [WARN] [DESKTOP-FOCR6Q3.CSV] Champ introuvable : 'TypeDisque'
[2026-04-28 12:44:04] [WARN] [DESKTOP-NHTK5OC.CSV] Champ introuvable : 'ModeleOrdinateur'
[2026-04-28 12:44:04] [WARN] [DESKTOP-NHTK5OC.CSV] Champ introuvable : 'TypeDisque'
[2026-04-28 12:44:04] [WARN] [DESKTOP-NHTK5OC.CSV] Champ introuvable : 'TauxUsure'
[2026-04-28 12:44:05] [WARN] [DESKTOP-TRLS7K9.CSV] Champ introuvable : 'ModeleOrdinateur'
[2026-04-28 12:44:05] [WARN] [DESKTOP-TRLS7K9.CSV] Champ introuvable : 'TypeDisque'
[2026-04-28 12:44:06] [WARN] [optiplex3020sff.CSV] Champ introuvable : 'ModeleOrdinateur'
[2026-04-28 12:44:06] [WARN] [optiplex3020sff.CSV] Champ introuvable : 'TypeDisque'
[2026-04-28 12:44:06] [WARN] [optiplex3020sff.CSV] Champ introuvable : 'TauxUsure'
[2026-04-28 12:44:07] [WARN] [TANKISTE07.CSV] Champ introuvable : 'ModeleOrdinateur'
[2026-04-28 12:44:07] [WARN] [TANKISTE07.CSV] Champ introuvable : 'TypeDisque'
[2026-04-28 12:44:08] [INFO] Export termine : E:\Programs\HWInfo\Inventaire_HWInfo.xlsx
[2026-04-28 12:44:08] [INFO] Nombre de postes exportes : 7
[2026-04-28 12:44:08] [INFO] Log : C:\Users\33695\Documents\ScriptBrokerInfo\scripts\logs\inventaire-20260428-124401.log
